2025-06-14 19:47:31,252 - INFO - Initializing API clients...
2025-06-14 19:47:31,401 - INFO - API clients initialized successfully
2025-06-14 19:47:31,401 - INFO - Starting application...
2025-06-14 19:47:35,883 - INFO - Initializing research agent...
2025-06-14 19:47:35,884 - INFO - Initializing ResearchAgent...
2025-06-14 19:47:36,040 - INFO - Anonymized telemetry enabled. See                     https://docs.trychroma.com/telemetry for more information.
2025-06-14 19:47:36,534 - INFO - ResearchAgent initialized successfully
2025-06-14 19:47:54,913 - INFO - Initializing API clients...
2025-06-14 19:47:54,939 - INFO - API clients initialized successfully
2025-06-14 19:47:54,941 - INFO - Starting application...
2025-06-14 19:47:54,951 - INFO - Initializing research agent...
2025-06-14 19:47:54,953 - INFO - Initializing ResearchAgent...
2025-06-14 19:47:55,011 - INFO - ResearchAgent initialized successfully
2025-06-14 19:47:55,315 - INFO - Initializing API clients...
2025-06-14 19:47:55,338 - INFO - API clients initialized successfully
2025-06-14 19:47:55,340 - INFO - Starting application...
2025-06-14 19:47:55,348 - INFO - Initializing research agent...
2025-06-14 19:47:55,350 - INFO - Initializing ResearchAgent...
2025-06-14 19:47:55,406 - INFO - ResearchAgent initialized successfully
2025-06-14 19:47:55,423 - INFO - User submitted query: Engineering Manager
2025-06-14 19:47:55,433 - INFO - Starting research process...
2025-06-14 19:47:55,435 - INFO - Starting combined search for query: Engineering Manager
2025-06-14 19:47:55,437 - INFO - Getting web search results...
2025-06-14 19:47:55,440 - INFO - Starting web search for query: Engineering Manager
2025-06-14 19:47:55,444 - INFO - Making SERP API request...
2025-06-14 19:48:40,536 - INFO - Web search completed. Found 4 results
2025-06-14 19:48:40,537 - INFO - Getting roadmap.sh results...
2025-06-14 19:48:40,538 - INFO - Starting roadmap.sh search for query: Engineering Manager
2025-06-14 19:48:40,539 - INFO - Getting main page content...
2025-06-14 19:48:40,540 - INFO - Starting to scrape roadmap.sh: https://roadmap.sh
2025-06-14 19:48:40,540 - INFO - Making HTTP request to https://roadmap.sh
2025-06-14 19:48:40,775 - INFO - Parsing HTML content...
2025-06-14 19:48:40,923 - INFO - Extracting roadmaps...
2025-06-14 19:48:40,929 - INFO - Extracting guides...
2025-06-14 19:48:40,935 - INFO - Successfully scraped https://roadmap.sh. Found 0 roadmaps and 0 guides
2025-06-14 19:48:40,940 - INFO - Searching through roadmaps...
2025-06-14 19:48:40,942 - INFO - Searching through guides...
2025-06-14 19:48:40,943 - INFO - Roadmap search completed. Found 0 relevant items
2025-06-14 19:48:40,944 - INFO - Successfully combined search results
2025-06-14 19:48:40,946 - INFO - Storing information in vector database...
2025-06-14 19:48:42,209 - INFO - Successfully stored information
2025-06-14 19:48:42,211 - INFO - Generating summary with LLM...
2025-06-14 19:48:49,791 - INFO - Successfully generated summary
2025-06-14 19:48:49,798 - INFO - Results displayed successfully
2025-06-14 20:12:42,161 - INFO - Initializing API clients...
2025-06-14 20:12:42,367 - INFO - API clients initialized successfully
2025-06-14 20:12:42,369 - INFO - Starting application...
2025-06-14 20:12:46,428 - INFO - Initializing research agent...
2025-06-14 20:12:46,430 - INFO - Initializing ResearchAgent...
2025-06-14 20:12:46,630 - INFO - Anonymized telemetry enabled. See                     https://docs.trychroma.com/telemetry for more information.
2025-06-14 20:12:47,170 - INFO - ResearchAgent initialized successfully
2025-06-14 20:13:48,749 - INFO - Initializing API clients...
2025-06-14 20:13:48,897 - INFO - API clients initialized successfully
2025-06-14 20:13:48,901 - INFO - Starting application...
2025-06-14 20:13:48,902 - INFO - Initializing API clients...
2025-06-14 20:13:49,705 - INFO - API clients initialized successfully
2025-06-14 20:13:49,707 - INFO - Starting application...
2025-06-14 20:13:49,716 - INFO - Initializing research agent...
2025-06-14 20:13:49,717 - INFO - Initializing ResearchAgent...
2025-06-14 20:13:49,794 - INFO - ResearchAgent initialized successfully
2025-06-14 20:13:49,815 - INFO - User submitted query: AI Engineer
2025-06-14 20:13:49,825 - INFO - Starting research process...
2025-06-14 20:13:49,827 - INFO - Starting combined search for query: AI Engineer
2025-06-14 20:13:49,829 - INFO - Getting web search results...
2025-06-14 20:13:49,831 - INFO - Starting web search for query: AI Engineer
2025-06-14 20:13:49,833 - INFO - Making SERP API request...
2025-06-14 20:13:52,788 - INFO - Web search completed. Found 3 results
2025-06-14 20:13:52,791 - INFO - Getting roadmap.sh results...
2025-06-14 20:13:52,792 - INFO - Starting roadmap.sh search for query: AI Engineer
2025-06-14 20:13:52,793 - INFO - Getting main page content...
2025-06-14 20:13:52,794 - INFO - Starting to scrape roadmap.sh: https://roadmap.sh
2025-06-14 20:13:52,796 - INFO - Making HTTP request to https://roadmap.sh
2025-06-14 20:13:53,075 - INFO - Parsing HTML content...
2025-06-14 20:13:53,245 - INFO - Extracting roadmaps...
2025-06-14 20:13:53,251 - INFO - Extracting guides...
2025-06-14 20:13:53,259 - INFO - Successfully scraped https://roadmap.sh. Found 0 roadmaps and 0 guides
2025-06-14 20:13:53,263 - INFO - Searching through roadmaps...
2025-06-14 20:13:53,265 - INFO - Searching through guides...
2025-06-14 20:13:53,267 - INFO - Roadmap search completed. Found 0 relevant items
2025-06-14 20:13:53,269 - INFO - Successfully combined search results
2025-06-14 20:13:53,272 - INFO - Storing information in vector database...
2025-06-14 20:13:54,385 - INFO - Successfully stored information
2025-06-14 20:13:54,387 - INFO - Generating summary with LLM...
2025-06-14 20:14:02,280 - INFO - Successfully generated summary
2025-06-14 20:14:02,292 - INFO - Results displayed successfully
2025-06-14 20:19:36,064 - INFO - Initializing API clients...
2025-06-14 20:19:36,415 - INFO - API clients initialized successfully
2025-06-14 20:19:36,419 - INFO - Starting application...
2025-06-14 20:19:36,452 - INFO - Initializing research agent...
2025-06-14 20:19:36,453 - INFO - Initializing ResearchAgent...
2025-06-14 20:19:36,656 - INFO - ResearchAgent initialized successfully
2025-06-14 20:21:25,397 - INFO - Initializing API clients...
2025-06-14 20:21:25,546 - INFO - API clients initialized successfully
2025-06-14 20:21:25,548 - INFO - Starting application...
2025-06-14 20:21:25,573 - INFO - Initializing research agent...
2025-06-14 20:21:25,575 - INFO - Initializing ResearchAgent...
2025-06-14 20:21:25,783 - INFO - ResearchAgent initialized successfully
2025-06-14 20:22:05,493 - INFO - Initializing API clients...
2025-06-14 20:22:05,659 - INFO - Initializing API clients...
2025-06-14 20:22:05,667 - INFO - API clients initialized successfully
2025-06-14 20:22:05,669 - INFO - Starting application...
2025-06-14 20:22:06,474 - INFO - API clients initialized successfully
2025-06-14 20:22:06,474 - INFO - Starting application...
2025-06-14 20:22:06,479 - INFO - Initializing research agent...
2025-06-14 20:22:06,480 - INFO - Initializing ResearchAgent...
2025-06-14 20:22:06,614 - INFO - ResearchAgent initialized successfully
2025-06-14 20:22:06,621 - INFO - User submitted query: AI Engineer
2025-06-14 20:22:06,631 - INFO - Starting research process...
2025-06-14 20:22:06,634 - INFO - Starting combined search for query: AI Engineer
2025-06-14 20:22:06,635 - INFO - Getting web search results...
2025-06-14 20:22:06,636 - INFO - Starting web search for query: AI Engineer
2025-06-14 20:22:06,638 - INFO - Making SERP API request...
2025-06-14 20:22:06,978 - INFO - Web search completed. Found 3 results
2025-06-14 20:22:06,982 - INFO - Getting roadmap.sh results...
2025-06-14 20:22:06,983 - INFO - Starting roadmap.sh search for query: AI Engineer
2025-06-14 20:22:06,985 - INFO - Getting main page content...
2025-06-14 20:22:06,988 - INFO - Starting to scrape roadmap.sh: https://roadmap.sh
2025-06-14 20:22:06,990 - INFO - Making HTTP request to https://roadmap.sh
2025-06-14 20:22:07,282 - INFO - Parsing HTML content...
2025-06-14 20:22:07,445 - INFO - Extracting roadmaps...
2025-06-14 20:22:07,450 - INFO - Extracting guides...
2025-06-14 20:22:07,456 - INFO - Successfully scraped https://roadmap.sh. Found 0 roadmaps and 0 guides
2025-06-14 20:22:07,458 - INFO - Searching through roadmaps...
2025-06-14 20:22:07,459 - INFO - Searching through guides...
2025-06-14 20:22:07,460 - INFO - Roadmap search completed. Found 0 relevant items
2025-06-14 20:22:07,460 - INFO - Successfully combined search results
2025-06-14 20:22:07,462 - INFO - Storing information in vector database...
2025-06-14 20:22:08,461 - INFO - Successfully stored information
2025-06-14 20:22:08,462 - INFO - Generating summary with LLM...
2025-06-14 20:22:15,936 - INFO - Successfully generated summary
2025-06-14 20:22:15,946 - INFO - Results displayed successfully
2025-06-15 13:29:20,343 - INFO - Initializing API clients...
2025-06-15 13:29:20,531 - INFO - API clients initialized successfully
2025-06-15 13:29:20,532 - INFO - Starting application...
2025-06-15 13:29:23,108 - INFO - Initializing research agent...
2025-06-15 13:29:23,108 - INFO - Initializing ResearchAgent...
2025-06-15 13:29:23,274 - INFO - Anonymized telemetry enabled. See                     https://docs.trychroma.com/telemetry for more information.
2025-06-15 13:29:24,383 - INFO - ResearchAgent initialized successfully
2025-06-15 13:30:25,855 - INFO - Initializing API clients...
2025-06-15 13:30:25,942 - INFO - API clients initialized successfully
2025-06-15 13:30:25,943 - INFO - Starting application...
2025-06-15 13:30:25,949 - INFO - Initializing research agent...
2025-06-15 13:30:25,951 - INFO - Initializing ResearchAgent...
2025-06-15 13:30:25,996 - INFO - ResearchAgent initialized successfully
2025-06-15 13:30:26,573 - INFO - Initializing API clients...
2025-06-15 13:30:26,586 - INFO - API clients initialized successfully
2025-06-15 13:30:26,586 - INFO - Starting application...
2025-06-15 13:30:26,590 - INFO - Initializing research agent...
2025-06-15 13:30:26,591 - INFO - Initializing ResearchAgent...
2025-06-15 13:30:26,615 - INFO - ResearchAgent initialized successfully
2025-06-15 13:30:26,626 - INFO - User submitted query: Whistleblower
2025-06-15 13:30:26,629 - INFO - Starting research process...
2025-06-15 13:30:26,630 - INFO - Starting combined search for query: Whistleblower
2025-06-15 13:30:26,632 - INFO - Getting web search results...
2025-06-15 13:30:26,633 - INFO - Starting web search for query: Whistleblower
2025-06-15 13:30:26,634 - INFO - Making SERP API request...
2025-06-15 13:30:28,351 - INFO - Web search completed. Found 4 results
2025-06-15 13:30:28,354 - INFO - Getting roadmap.sh results...
2025-06-15 13:30:28,356 - INFO - Starting roadmap.sh search for query: Whistleblower
2025-06-15 13:30:28,357 - INFO - Getting main page content...
2025-06-15 13:30:28,358 - INFO - Starting to scrape roadmap.sh: https://roadmap.sh
2025-06-15 13:30:28,359 - INFO - Making HTTP request to https://roadmap.sh
2025-06-15 13:30:28,611 - INFO - Parsing HTML content...
2025-06-15 13:30:28,759 - INFO - Extracting roadmaps...
2025-06-15 13:30:28,764 - INFO - Extracting guides...
2025-06-15 13:30:28,770 - INFO - Successfully scraped https://roadmap.sh. Found 0 roadmaps and 0 guides
2025-06-15 13:30:28,774 - INFO - Searching through roadmaps...
2025-06-15 13:30:28,775 - INFO - Searching through guides...
2025-06-15 13:30:28,776 - INFO - Roadmap search completed. Found 0 relevant items
2025-06-15 13:30:28,778 - INFO - Successfully combined search results
2025-06-15 13:30:28,779 - INFO - Storing information in vector database...
2025-06-15 13:30:29,780 - INFO - Successfully stored information
2025-06-15 13:30:29,783 - INFO - Generating summary with LLM...
2025-06-15 13:30:38,647 - INFO - Successfully generated summary
2025-06-15 13:30:38,661 - INFO - Results displayed successfully
2025-06-15 13:31:02,822 - INFO - Initializing API clients...
2025-06-15 13:31:02,862 - INFO - API clients initialized successfully
2025-06-15 13:31:02,863 - INFO - Starting application...
2025-06-15 13:31:02,875 - INFO - Initializing research agent...
2025-06-15 13:31:02,876 - INFO - Initializing ResearchAgent...
2025-06-15 13:31:02,913 - INFO - ResearchAgent initialized successfully
2025-06-15 13:31:02,927 - INFO - Starting research process...
2025-06-15 13:31:02,928 - INFO - Starting combined search for query: Fashion designer
2025-06-15 13:31:02,928 - INFO - Getting web search results...
2025-06-15 13:31:02,929 - INFO - Starting web search for query: Fashion designer
2025-06-15 13:31:02,930 - INFO - Making SERP API request...
2025-06-15 13:31:02,989 - INFO - Initializing API clients...
2025-06-15 13:31:03,002 - INFO - API clients initialized successfully
2025-06-15 13:31:03,003 - INFO - Starting application...
2025-06-15 13:31:03,007 - INFO - Initializing research agent...
2025-06-15 13:31:03,008 - INFO - Initializing ResearchAgent...
2025-06-15 13:31:03,030 - INFO - ResearchAgent initialized successfully
2025-06-15 13:31:03,037 - INFO - User submitted query: Fashion designer
2025-06-15 13:31:03,041 - INFO - Starting research process...
2025-06-15 13:31:03,042 - INFO - Starting combined search for query: Fashion designer
2025-06-15 13:31:03,043 - INFO - Getting web search results...
2025-06-15 13:31:03,043 - INFO - Starting web search for query: Fashion designer
2025-06-15 13:31:03,044 - INFO - Making SERP API request...
2025-06-15 13:31:05,546 - INFO - Web search completed. Found 5 results
2025-06-15 13:31:05,548 - INFO - Getting roadmap.sh results...
2025-06-15 13:31:05,548 - INFO - Starting roadmap.sh search for query: Fashion designer
2025-06-15 13:31:05,549 - INFO - Getting main page content...
2025-06-15 13:31:05,550 - INFO - Starting to scrape roadmap.sh: https://roadmap.sh
2025-06-15 13:31:05,551 - INFO - Making HTTP request to https://roadmap.sh
2025-06-15 13:31:05,561 - INFO - Web search completed. Found 5 results
2025-06-15 13:31:05,562 - INFO - Getting roadmap.sh results...
2025-06-15 13:31:05,562 - INFO - Starting roadmap.sh search for query: Fashion designer
2025-06-15 13:31:05,563 - INFO - Getting main page content...
2025-06-15 13:31:05,565 - INFO - Starting to scrape roadmap.sh: https://roadmap.sh
2025-06-15 13:31:05,567 - INFO - Making HTTP request to https://roadmap.sh
2025-06-15 13:31:05,818 - INFO - Parsing HTML content...
2025-06-15 13:31:05,943 - INFO - Extracting roadmaps...
2025-06-15 13:31:05,944 - INFO - Parsing HTML content...
2025-06-15 13:31:05,950 - INFO - Extracting guides...
2025-06-15 13:31:05,985 - INFO - Successfully scraped https://roadmap.sh. Found 0 roadmaps and 0 guides
2025-06-15 13:31:06,023 - INFO - Searching through roadmaps...
2025-06-15 13:31:06,054 - INFO - Searching through guides...
2025-06-15 13:31:06,084 - INFO - Roadmap search completed. Found 0 relevant items
2025-06-15 13:31:06,116 - INFO - Successfully combined search results
2025-06-15 13:31:06,148 - INFO - Storing information in vector database...
2025-06-15 13:31:06,175 - INFO - Extracting roadmaps...
2025-06-15 13:31:06,193 - INFO - Extracting guides...
2025-06-15 13:31:06,201 - INFO - Successfully scraped https://roadmap.sh. Found 0 roadmaps and 0 guides
2025-06-15 13:31:06,204 - INFO - Searching through roadmaps...
2025-06-15 13:31:06,206 - INFO - Searching through guides...
2025-06-15 13:31:06,208 - INFO - Roadmap search completed. Found 0 relevant items
2025-06-15 13:31:06,209 - INFO - Successfully combined search results
2025-06-15 13:31:06,211 - INFO - Storing information in vector database...
2025-06-15 13:31:07,118 - INFO - Successfully stored information
2025-06-15 13:31:07,118 - INFO - Successfully stored information
2025-06-15 13:31:07,121 - INFO - Generating summary with LLM...
2025-06-15 13:31:07,122 - INFO - Generating summary with LLM...
2025-06-15 13:31:14,947 - INFO - Successfully generated summary
2025-06-15 13:31:15,430 - INFO - Successfully generated summary
2025-06-15 13:31:15,436 - INFO - Results displayed successfully
2025-09-07 22:03:50,188 - INFO - Initializing API clients...
2025-09-07 22:03:50,328 - INFO - API clients initialized successfully
2025-09-07 22:03:50,329 - INFO - Starting application...
2025-09-07 22:03:52,607 - INFO - Initializing research agent...
2025-09-07 22:03:52,608 - INFO - Initializing ResearchAgent...
2025-09-07 22:03:52,736 - INFO - Anonymized telemetry enabled. See                     https://docs.trychroma.com/telemetry for more information.
2025-09-07 22:03:53,933 - INFO - ResearchAgent initialized successfully
2025-09-07 22:17:42,475 - ERROR - Exception in callback _HandlerDelegate.execute.<locals>.<lambda>(<Task cancell...\web.py:1746>>) at C:\Users\vamru\AppData\Roaming\Python\Python312\site-packages\tornado\web.py:2438
handle: <Handle _HandlerDelegate.execute.<locals>.<lambda>(<Task cancell...\web.py:1746>>) at C:\Users\vamru\AppData\Roaming\Python\Python312\site-packages\tornado\web.py:2438>
Traceback (most recent call last):
  File "C:\Users\vamru\AppData\Local\Programs\Python\Python312\Lib\site-packages\streamlit\web\bootstrap.py", line 345, in run
    if asyncio.get_running_loop().is_running():
       ^^^^^^^^^^^^^^^^^^^^^^^^^^
RuntimeError: no running event loop

During handling of the above exception, another exception occurred:

Traceback (most recent call last):
  File "C:\Users\vamru\AppData\Local\Programs\Python\Python312\Lib\asyncio\events.py", line 88, in _run
    self._context.run(self._callback, *self._args)
  File "C:\Users\vamru\AppData\Roaming\Python\Python312\site-packages\tornado\web.py", line 2438, in <lambda>
    fut.add_done_callback(lambda f: f.result())
                                    ^^^^^^^^^^
  File "C:\Users\vamru\AppData\Roaming\Python\Python312\site-packages\tornado\web.py", line 1746, in _execute
    async def _execute(
asyncio.exceptions.CancelledError
2025-09-07 22:17:42,623 - ERROR - Exception in callback _HandlerDelegate.execute.<locals>.<lambda>(<Task cancell...\web.py:1746>>) at C:\Users\vamru\AppData\Roaming\Python\Python312\site-packages\tornado\web.py:2438
handle: <Handle _HandlerDelegate.execute.<locals>.<lambda>(<Task cancell...\web.py:1746>>) at C:\Users\vamru\AppData\Roaming\Python\Python312\site-packages\tornado\web.py:2438>
Traceback (most recent call last):
  File "C:\Users\vamru\AppData\Local\Programs\Python\Python312\Lib\site-packages\streamlit\web\bootstrap.py", line 345, in run
    if asyncio.get_running_loop().is_running():
       ^^^^^^^^^^^^^^^^^^^^^^^^^^
RuntimeError: no running event loop

During handling of the above exception, another exception occurred:

Traceback (most recent call last):
  File "C:\Users\vamru\AppData\Local\Programs\Python\Python312\Lib\asyncio\events.py", line 88, in _run
    self._context.run(self._callback, *self._args)
  File "C:\Users\vamru\AppData\Roaming\Python\Python312\site-packages\tornado\web.py", line 2438, in <lambda>
    fut.add_done_callback(lambda f: f.result())
                                    ^^^^^^^^^^
  File "C:\Users\vamru\AppData\Roaming\Python\Python312\site-packages\tornado\web.py", line 1746, in _execute
    async def _execute(
asyncio.exceptions.CancelledError
2025-09-07 22:17:42,626 - ERROR - Exception in callback _HandlerDelegate.execute.<locals>.<lambda>(<Task cancell...\web.py:1746>>) at C:\Users\vamru\AppData\Roaming\Python\Python312\site-packages\tornado\web.py:2438
handle: <Handle _HandlerDelegate.execute.<locals>.<lambda>(<Task cancell...\web.py:1746>>) at C:\Users\vamru\AppData\Roaming\Python\Python312\site-packages\tornado\web.py:2438>
Traceback (most recent call last):
  File "C:\Users\vamru\AppData\Local\Programs\Python\Python312\Lib\site-packages\streamlit\web\bootstrap.py", line 345, in run
    if asyncio.get_running_loop().is_running():
       ^^^^^^^^^^^^^^^^^^^^^^^^^^
RuntimeError: no running event loop

During handling of the above exception, another exception occurred:

Traceback (most recent call last):
  File "C:\Users\vamru\AppData\Local\Programs\Python\Python312\Lib\asyncio\events.py", line 88, in _run
    self._context.run(self._callback, *self._args)
  File "C:\Users\vamru\AppData\Roaming\Python\Python312\site-packages\tornado\web.py", line 2438, in <lambda>
    fut.add_done_callback(lambda f: f.result())
                                    ^^^^^^^^^^
  File "C:\Users\vamru\AppData\Roaming\Python\Python312\site-packages\tornado\web.py", line 1746, in _execute
    async def _execute(
asyncio.exceptions.CancelledError
2025-09-07 22:18:34,001 - INFO - Initializing API clients...
2025-09-07 22:18:34,129 - INFO - API clients initialized successfully
2025-09-07 22:18:34,130 - INFO - Starting application...
2025-09-07 22:18:36,192 - INFO - Initializing research agent...
2025-09-07 22:18:36,193 - INFO - Initializing ResearchAgent...
2025-09-07 22:18:36,309 - INFO - Anonymized telemetry enabled. See                     https://docs.trychroma.com/telemetry for more information.
2025-09-07 22:18:37,239 - INFO - ResearchAgent initialized successfully
2025-09-07 22:31:51,646 - INFO - Initializing API clients...
2025-09-07 22:31:51,750 - INFO - API clients initialized successfully
2025-09-07 22:31:51,751 - INFO - Starting application...
2025-09-07 22:31:53,806 - INFO - Initializing research agent...
2025-09-07 22:31:53,807 - INFO - Initializing ResearchAgent...
2025-09-07 22:31:53,887 - INFO - Anonymized telemetry enabled. See                     https://docs.trychroma.com/telemetry for more information.
2025-09-07 22:31:55,494 - INFO - ResearchAgent initialized successfully
